C:\Program Files (x86)\Microsoft Visual Studio\2017\Enterprise\Common7\IDE\VC\VCTargets\Microsoft.CppBuild.targets(387,5): warning MSB8028: The intermediate directory (Debug\) contains files shared from another project (07_basicLighting.vcxproj).  This can lead to incorrect clean and rebuild behavior.
  main.cpp
c:\users\jaqueline\documents\github\computação gráfica\08_objreader\08_objreader\objreader.h(216): warning C4101: 'e': variável local não referenciada
c:\users\jaqueline\documents\github\computação gráfica\08_objreader\08_objreader\main.cpp(186): warning C4244: 'inicializando': conversão de 'double' para 'GLfloat', possível perda de dados
c:\users\jaqueline\documents\github\computação gráfica\08_objreader\08_objreader\main.cpp(283): warning C4244: '=': conversão de 'double' para 'float', possível perda de dados
c:\users\jaqueline\documents\github\computação gráfica\08_objreader\08_objreader\main.cpp(284): warning C4244: '=': conversão de 'double' para 'float', possível perda de dados
c:\users\jaqueline\documents\github\computação gráfica\08_objreader\08_objreader\main.cpp(288): warning C4244: 'inicializando': conversão de 'double' para 'float', possível perda de dados
c:\users\jaqueline\documents\github\computação gráfica\08_objreader\08_objreader\main.cpp(289): warning C4244: 'inicializando': conversão de 'double' para 'float', possível perda de dados
c:\users\jaqueline\documents\github\computação gráfica\08_objreader\08_objreader\main.cpp(291): warning C4244: '=': conversão de 'double' para 'float', possível perda de dados
c:\users\jaqueline\documents\github\computação gráfica\08_objreader\08_objreader\main.cpp(292): warning C4244: '=': conversão de 'double' para 'float', possível perda de dados
c:\users\jaqueline\documents\github\computação gráfica\08_objreader\08_objreader\main.cpp(301): warning C4244: 'argumento': conversão de 'double' para 'float', possível perda de dados
  Gerando Código...
  Ignorando... (nenhuma alteração relevante detectada)
  Texture.cpp
  Shader.cpp
LINK : warning LNK4098: defaultlib 'MSVCRT' conflita com uso de outras bibliotecas; use /NODEFAULTLIB:library
LINK : warning LNK4098: defaultlib 'LIBCMT' conflita com uso de outras bibliotecas; use /NODEFAULTLIB:library
Group.obj : warning LNK4049: sÝmbolo definido localmente ___glewBindBuffer importado
Group.obj : warning LNK4049: sÝmbolo definido localmente ___glewBufferData importado
Group.obj : warning LNK4049: sÝmbolo definido localmente ___glewGenBuffers importado
Group.obj : warning LNK4049: sÝmbolo definido localmente ___glewEnableVertexAttribArray importado
Group.obj : warning LNK4049: sÝmbolo definido localmente ___glewVertexAttribPointer importado
Group.obj : warning LNK4049: sÝmbolo definido localmente ___glewBindVertexArray importado
Group.obj : warning LNK4049: sÝmbolo definido localmente ___glewGenVertexArrays importado
Shader.obj : warning LNK4049: sÝmbolo definido localmente ___glewActiveTexture importado
Texture.obj : warning LNK4049: sÝmbolo definido localmente ___glewActiveTexture importado
Shader.obj : warning LNK4049: sÝmbolo definido localmente ___glewGetAttribLocation importado
Shader.obj : warning LNK4049: sÝmbolo definido localmente ___glewGetUniformLocation importado
Texture.obj : warning LNK4049: sÝmbolo definido localmente ___glewGetUniformLocation importado
Texture.obj : warning LNK4049: sÝmbolo definido localmente ___glewUniform1i importado
Texture.obj : warning LNK4049: sÝmbolo definido localmente ___glewGenerateMipmap importado
glew32s.lib(glew.obj) : warning LNK4099: PDB 'vc120.pdb' nÒo foi encontrado 'glew32s.lib(glew.obj)' ou no 'C:\Users\Jaqueline\Documents\GitHub\ComputaþÒo Grßfica\08_objReader\Debug\vc120.pdb'; vinculando objeto quando quando sem nenhuma informaþÒo de depuraþÒo
soil2-debug.lib(etc1_utils.obj) : warning LNK4099: PDB 'soil2-debug.pdb' nÒo foi encontrado 'soil2-debug.lib(etc1_utils.obj)' ou no 'C:\Users\Jaqueline\Documents\GitHub\ComputaþÒo Grßfica\08_objReader\Debug\soil2-debug.pdb'; vinculando objeto quando quando sem nenhuma informaþÒo de depuraþÒo
soil2-debug.lib(image_DXT.obj) : warning LNK4099: PDB 'soil2-debug.pdb' nÒo foi encontrado 'soil2-debug.lib(image_DXT.obj)' ou no 'C:\Users\Jaqueline\Documents\GitHub\ComputaþÒo Grßfica\08_objReader\Debug\soil2-debug.pdb'; vinculando objeto quando quando sem nenhuma informaþÒo de depuraþÒo
soil2-debug.lib(image_helper.obj) : warning LNK4099: PDB 'soil2-debug.pdb' nÒo foi encontrado 'soil2-debug.lib(image_helper.obj)' ou no 'C:\Users\Jaqueline\Documents\GitHub\ComputaþÒo Grßfica\08_objReader\Debug\soil2-debug.pdb'; vinculando objeto quando quando sem nenhuma informaþÒo de depuraþÒo
soil2-debug.lib(SOIL2.obj) : warning LNK4099: PDB 'soil2-debug.pdb' nÒo foi encontrado 'soil2-debug.lib(SOIL2.obj)' ou no 'C:\Users\Jaqueline\Documents\GitHub\ComputaþÒo Grßfica\08_objReader\Debug\soil2-debug.pdb'; vinculando objeto quando quando sem nenhuma informaþÒo de depuraþÒo
  08_objReader.vcxproj -> C:\Users\Jaqueline\Documents\GitHub\Computação Gráfica\08_objReader\Debug\08_objReader.exe
