Group.obj : error LNK2001: unresolved external symbol __imp___glewActiveTexture
Group.obj : error LNK2001: unresolved external symbol __imp___glewBindBuffer
Group.obj : error LNK2001: unresolved external symbol __imp___glewBufferData
Group.obj : error LNK2001: unresolved external symbol __imp___glewGenBuffers
Group.obj : error LNK2001: unresolved external symbol __imp___glewEnableVertexAttribArray
Group.obj : error LNK2001: unresolved external symbol __imp___glewUniform1f
Group.obj : error LNK2001: unresolved external symbol __imp___glewUniform1i
Group.obj : error LNK2001: unresolved external symbol __imp___glewUniform3f
Group.obj : error LNK2001: unresolved external symbol __imp___glewVertexAttribPointer
Group.obj : error LNK2001: unresolved external symbol __imp___glewBindVertexArray
Group.obj : error LNK2001: unresolved external symbol __imp___glewGenVertexArrays
main.obj : error LNK2019: unresolved external symbol glewInit referenced in function main
main.obj : error LNK2019: unresolved external symbol glfwInit referenced in function main
main.obj : error LNK2019: unresolved external symbol glfwTerminate referenced in function main
main.obj : error LNK2019: unresolved external symbol glfwWindowHint referenced in function main
main.obj : error LNK2019: unresolved external symbol glfwCreateWindow referenced in function main
main.obj : error LNK2019: unresolved external symbol glfwWindowShouldClose referenced in function main
main.obj : error LNK2019: unresolved external symbol glfwSetWindowShouldClose referenced in function "void __cdecl processInput(struct GLFWwindow *)" (?processInput@@YAXPEAUGLFWwindow@@@Z)
main.obj : error LNK2019: unresolved external symbol glfwGetFramebufferSize referenced in function main
main.obj : error LNK2019: unresolved external symbol glfwSetFramebufferSizeCallback referenced in function main
main.obj : error LNK2019: unresolved external symbol glfwPollEvents referenced in function main
main.obj : error LNK2019: unresolved external symbol glfwGetKey referenced in function "void __cdecl processInput(struct GLFWwindow *)" (?processInput@@YAXPEAUGLFWwindow@@@Z)
main.obj : error LNK2019: unresolved external symbol glfwSetCursorPosCallback referenced in function main
main.obj : error LNK2019: unresolved external symbol glfwSetScrollCallback referenced in function main
main.obj : error LNK2019: unresolved external symbol glfwGetTime referenced in function main
main.obj : error LNK2019: unresolved external symbol glfwMakeContextCurrent referenced in function main
main.obj : error LNK2019: unresolved external symbol glfwSwapBuffers referenced in function main
main.obj : error LNK2001: unresolved external symbol __glewAttachShader
main.obj : error LNK2001: unresolved external symbol __glewCompileShader
main.obj : error LNK2001: unresolved external symbol __glewCreateProgram
main.obj : error LNK2001: unresolved external symbol __glewCreateShader
main.obj : error LNK2001: unresolved external symbol __glewDeleteProgram
main.obj : error LNK2001: unresolved external symbol __glewDeleteShader
main.obj : error LNK2001: unresolved external symbol __glewGetProgramInfoLog
main.obj : error LNK2001: unresolved external symbol __glewGetProgramiv
main.obj : error LNK2001: unresolved external symbol __glewGetShaderInfoLog
main.obj : error LNK2001: unresolved external symbol __glewGetShaderiv
main.obj : error LNK2001: unresolved external symbol __glewGetUniformLocation
main.obj : error LNK2001: unresolved external symbol __glewLinkProgram
main.obj : error LNK2001: unresolved external symbol __glewShaderSource
main.obj : error LNK2001: unresolved external symbol __glewUniform1i
main.obj : error LNK2001: unresolved external symbol __glewUniformMatrix4fv
main.obj : error LNK2001: unresolved external symbol __glewUseProgram
main.obj : error LNK2001: unresolved external symbol __glewBindVertexArray
main.obj : error LNK2001: unresolved external symbol glewExperimental
Shader.obj : error LNK2001: unresolved external symbol __imp___glewGetAttribLocation
Shader.obj : error LNK2001: unresolved external symbol __imp___glewGetUniformLocation
Texture.obj : error LNK2019: unresolved external symbol SOIL_load_image referenced in function "private: static unsigned char * __cdecl Texture::LoadImage(char *)" (?LoadImage@Texture@@CAPEAEPEAD@Z)
Texture.obj : error LNK2019: unresolved external symbol SOIL_free_image_data referenced in function "private: static unsigned char * __cdecl Texture::LoadImage(char *)" (?LoadImage@Texture@@CAPEAEPEAD@Z)
Texture.obj : error LNK2001: unresolved external symbol __imp___glewGenerateMipmap
C:\Users\Jaqueline\Documents\GitHub\Computação Gráfica\08_objReader\\..\External\glfw\lib-vc2015\glfw3.lib : warning LNK4272: library machine type 'x86' conflicts with target machine type 'x64'
C:\Users\Jaqueline\Documents\GitHub\Computação Gráfica\08_objReader\\..\External\glew\lib\Release\Win32\glew32s.lib : warning LNK4272: library machine type 'x86' conflicts with target machine type 'x64'
C:\Users\Jaqueline\Documents\GitHub\Computação Gráfica\08_objReader\\..\External\glut\lib\glut32.lib : warning LNK4272: library machine type 'x86' conflicts with target machine type 'x64'
C:\Users\Jaqueline\Documents\GitHub\Computação Gráfica\08_objReader\\..\External\SOIL2\lib\soil2-debug.lib : warning LNK4272: library machine type 'x86' conflicts with target machine type 'x64'
C:\Users\Jaqueline\Documents\GitHub\Computação Gráfica\08_objReader\x64\Debug\08_objReader.exe : fatal error LNK1120: 50 unresolved externals
