  main.cpp
c:\users\jaqueline\documents\github\computação gráfica\trabalhoga\trabalhoga\objreader.h(216): warning C4101: 'e': variável local não referenciada
c:\users\jaqueline\documents\github\computação gráfica\trabalhoga\trabalhoga\main.cpp(104): warning C4244: 'inicializando': conversão de 'double' para 'GLfloat', possível perda de dados
c:\users\jaqueline\documents\github\computação gráfica\trabalhoga\trabalhoga\main.cpp(157): warning C4244: '=': conversão de 'double' para 'float', possível perda de dados
c:\users\jaqueline\documents\github\computação gráfica\trabalhoga\trabalhoga\main.cpp(158): warning C4244: '=': conversão de 'double' para 'float', possível perda de dados
c:\users\jaqueline\documents\github\computação gráfica\trabalhoga\trabalhoga\main.cpp(162): warning C4244: 'inicializando': conversão de 'double' para 'float', possível perda de dados
c:\users\jaqueline\documents\github\computação gráfica\trabalhoga\trabalhoga\main.cpp(163): warning C4244: 'inicializando': conversão de 'double' para 'float', possível perda de dados
c:\users\jaqueline\documents\github\computação gráfica\trabalhoga\trabalhoga\main.cpp(165): warning C4244: '=': conversão de 'double' para 'float', possível perda de dados
c:\users\jaqueline\documents\github\computação gráfica\trabalhoga\trabalhoga\main.cpp(166): warning C4244: '=': conversão de 'double' para 'float', possível perda de dados
c:\users\jaqueline\documents\github\computação gráfica\trabalhoga\trabalhoga\main.cpp(175): warning C4244: 'argumento': conversão de 'double' para 'float', possível perda de dados
LINK : warning LNK4098: defaultlib 'MSVCRT' conflita com uso de outras bibliotecas; use /NODEFAULTLIB:library
LINK : warning LNK4098: defaultlib 'LIBCMT' conflita com uso de outras bibliotecas; use /NODEFAULTLIB:library
Group.obj : warning LNK4049: sÝmbolo definido localmente ___glewBindBuffer importado
Group.obj : warning LNK4049: sÝmbolo definido localmente ___glewBufferData importado
Group.obj : warning LNK4049: sÝmbolo definido localmente ___glewGenBuffers importado
Group.obj : warning LNK4049: sÝmbolo definido localmente ___glewEnableVertexAttribArray importado
Group.obj : warning LNK4049: sÝmbolo definido localmente ___glewVertexAttribPointer importado
Group.obj : warning LNK4049: sÝmbolo definido localmente ___glewBindVertexArray importado
Group.obj : warning LNK4049: sÝmbolo definido localmente ___glewGenVertexArrays importado
Shader.obj : warning LNK4049: sÝmbolo definido localmente ___glewActiveTexture importado
Texture.obj : warning LNK4049: sÝmbolo definido localmente ___glewActiveTexture importado
Shader.obj : warning LNK4049: sÝmbolo definido localmente ___glewGetAttribLocation importado
Shader.obj : warning LNK4049: sÝmbolo definido localmente ___glewGetUniformLocation importado
Texture.obj : warning LNK4049: sÝmbolo definido localmente ___glewGetUniformLocation importado
Texture.obj : warning LNK4049: sÝmbolo definido localmente ___glewUniform1i importado
glew32s.lib(glew.obj) : warning LNK4099: PDB 'vc120.pdb' nÒo foi encontrado 'glew32s.lib(glew.obj)' ou no 'C:\Users\Jaqueline\Documents\GitHub\ComputaþÒo Grßfica\trabalhoGA\Debug\vc120.pdb'; vinculando objeto quando quando sem nenhuma informaþÒo de depuraþÒo
soil2-debug.lib(etc1_utils.obj) : warning LNK4099: PDB 'soil2-debug.pdb' nÒo foi encontrado 'soil2-debug.lib(etc1_utils.obj)' ou no 'C:\Users\Jaqueline\Documents\GitHub\ComputaþÒo Grßfica\trabalhoGA\Debug\soil2-debug.pdb'; vinculando objeto quando quando sem nenhuma informaþÒo de depuraþÒo
soil2-debug.lib(image_DXT.obj) : warning LNK4099: PDB 'soil2-debug.pdb' nÒo foi encontrado 'soil2-debug.lib(image_DXT.obj)' ou no 'C:\Users\Jaqueline\Documents\GitHub\ComputaþÒo Grßfica\trabalhoGA\Debug\soil2-debug.pdb'; vinculando objeto quando quando sem nenhuma informaþÒo de depuraþÒo
soil2-debug.lib(image_helper.obj) : warning LNK4099: PDB 'soil2-debug.pdb' nÒo foi encontrado 'soil2-debug.lib(image_helper.obj)' ou no 'C:\Users\Jaqueline\Documents\GitHub\ComputaþÒo Grßfica\trabalhoGA\Debug\soil2-debug.pdb'; vinculando objeto quando quando sem nenhuma informaþÒo de depuraþÒo
soil2-debug.lib(SOIL2.obj) : warning LNK4099: PDB 'soil2-debug.pdb' nÒo foi encontrado 'soil2-debug.lib(SOIL2.obj)' ou no 'C:\Users\Jaqueline\Documents\GitHub\ComputaþÒo Grßfica\trabalhoGA\Debug\soil2-debug.pdb'; vinculando objeto quando quando sem nenhuma informaþÒo de depuraþÒo
  trabalhoGA.vcxproj -> C:\Users\Jaqueline\Documents\GitHub\Computação Gráfica\trabalhoGA\Debug\trabalhoGA.exe
