C:\Program Files (x86)\Microsoft Visual Studio\2017\Enterprise\Common7\IDE\VC\VCTargets\Microsoft.CppBuild.targets(387,5): warning MSB8028: The intermediate directory (x64\Debug\) contains files shared from another project (01_triangleAndShaders.vcxproj).  This can lead to incorrect clean and rebuild behavior.
main.obj : error LNK2019: símbolo externo indefinido glewInit referenciado na função main
main.obj : error LNK2019: símbolo externo indefinido glfwInit referenciado na função main
main.obj : error LNK2019: símbolo externo indefinido glfwTerminate referenciado na função main
main.obj : error LNK2019: símbolo externo indefinido glfwWindowHint referenciado na função main
main.obj : error LNK2019: símbolo externo indefinido glfwCreateWindow referenciado na função main
main.obj : error LNK2019: símbolo externo indefinido glfwWindowShouldClose referenciado na função main
main.obj : error LNK2019: símbolo externo indefinido glfwGetFramebufferSize referenciado na função main
main.obj : error LNK2019: símbolo externo indefinido glfwPollEvents referenciado na função main
main.obj : error LNK2019: símbolo externo indefinido glfwMakeContextCurrent referenciado na função main
main.obj : error LNK2019: símbolo externo indefinido glfwSwapBuffers referenciado na função main
main.obj : error LNK2001: símbolos externos indefinidos __glewBindBuffer
main.obj : error LNK2001: símbolos externos indefinidos __glewBufferData
main.obj : error LNK2001: símbolos externos indefinidos __glewDeleteBuffers
main.obj : error LNK2001: símbolos externos indefinidos __glewGenBuffers
main.obj : error LNK2001: símbolos externos indefinidos __glewAttachShader
main.obj : error LNK2001: símbolos externos indefinidos __glewCompileShader
main.obj : error LNK2001: símbolos externos indefinidos __glewCreateProgram
main.obj : error LNK2001: símbolos externos indefinidos __glewCreateShader
main.obj : error LNK2001: símbolos externos indefinidos __glewDeleteShader
main.obj : error LNK2001: símbolos externos indefinidos __glewEnableVertexAttribArray
main.obj : error LNK2001: símbolos externos indefinidos __glewGetProgramInfoLog
main.obj : error LNK2001: símbolos externos indefinidos __glewGetProgramiv
main.obj : error LNK2001: símbolos externos indefinidos __glewGetShaderInfoLog
main.obj : error LNK2001: símbolos externos indefinidos __glewGetShaderiv
main.obj : error LNK2001: símbolos externos indefinidos __glewLinkProgram
main.obj : error LNK2001: símbolos externos indefinidos __glewShaderSource
main.obj : error LNK2001: símbolos externos indefinidos __glewUseProgram
main.obj : error LNK2001: símbolos externos indefinidos __glewVertexAttribPointer
main.obj : error LNK2001: símbolos externos indefinidos __glewBindVertexArray
main.obj : error LNK2001: símbolos externos indefinidos __glewDeleteVertexArrays
main.obj : error LNK2001: símbolos externos indefinidos __glewGenVertexArrays
main.obj : error LNK2001: símbolos externos indefinidos glewExperimental
C:\Users\Jaqueline\Documents\GitHub\Computação Gráfica\01_triangleAndShaders\\..\External\glfw\lib-vc2015\glfw3.lib : warning LNK4272: o tipo de máquina da biblioteca 'x86' está em conflito com o tipo de máquina de destino 'x64'
C:\Users\Jaqueline\Documents\GitHub\Computação Gráfica\01_triangleAndShaders\\..\External\glew\lib\Release\Win32\glew32s.lib : warning LNK4272: o tipo de máquina da biblioteca 'x86' está em conflito com o tipo de máquina de destino 'x64'
C:\Users\Jaqueline\Documents\GitHub\Computação Gráfica\01_triangleAndShaders\\..\External\glut\lib\glut32.lib : warning LNK4272: o tipo de máquina da biblioteca 'x86' está em conflito com o tipo de máquina de destino 'x64'
C:\Users\Jaqueline\Documents\GitHub\Computação Gráfica\01_triangleAndShaders\\..\External\SOIL2\lib\soil2-debug.lib : warning LNK4272: o tipo de máquina da biblioteca 'x86' está em conflito com o tipo de máquina de destino 'x64'
C:\Users\Jaqueline\Documents\GitHub\Computação Gráfica\01_triangleAndShaders\x64\Debug\01_triangleAndShaders.exe : fatal error LNK1120: 32 externo não resolvidos
